<?xml version="1.0" encoding="UTF-8"?>
<!-- Generated by org.testng.reporters.JUnitXMLReporter -->
<testsuite ignored="5" hostname="mac-MacBook-Pro.local" failures="0" tests="1" name="Surefire test" time="45.516" errors="0" timestamp="2025-09-09T11:53:10 TRT">
  <testcase classname="com.insider.tests.InsiderWebsiteTest" name="testViewRoleRedirection" time="43.07"/>
  <testcase classname="com.insider.tests.InsiderWebsiteTest" name="testCompleteScenario" time="0.0">
    <ignored/>
  </testcase> <!-- testCompleteScenario -->
  <testcase classname="com.insider.tests.InsiderWebsiteTest" name="testHomePageLoad" time="0.0">
    <ignored/>
  </testcase> <!-- testHomePageLoad -->
  <testcase classname="com.insider.tests.InsiderWebsiteTest" name="testJobDetailsValidation" time="0.0">
    <ignored/>
  </testcase> <!-- testJobDetailsValidation -->
  <testcase classname="com.insider.tests.InsiderWebsiteTest" name="testCareersPageAndBlocks" time="0.0">
    <ignored/>
  </testcase> <!-- testCareersPageAndBlocks -->
  <testcase classname="com.insider.tests.InsiderWebsiteTest" name="testQAJobsFiltering" time="0.0">
    <ignored/>
  </testcase> <!-- testQAJobsFiltering -->
</testsuite> <!-- Surefire test -->
