<?xml version="1.0" encoding="UTF-8"?>
<testsuite xmlns:xsi="http://www.w3.org/2001/XMLSchema-instance" xsi:noNamespaceSchemaLocation="https://maven.apache.org/surefire/maven-surefire-plugin/xsd/surefire-test-report-3.0.xsd" version="3.0" name="com.insider.tests.InsiderWebsiteTest" time="51.026" tests="1" errors="0" skipped="0" failures="0">
  <properties>
[...]
</properties>
  <testcase name="testViewRoleRedirection" classname="com.insider.tests.InsiderWebsiteTest" time="43.071">
    <system-out><![CDATA[11:52:19.687 [main] &amp#27;[34mINFO &amp#27;[0;39m &amp#27;[36mc.insider.tests.InsiderWebsiteTest&amp#27;[0;39m - &amp#27;[32m=== TEST SETUP STARTED ===
&amp#27;[0;39m11:52:21.627 [main] &amp#27;[39mDEBUG&amp#27;[0;39m &amp#27;[36mc.insider.tests.InsiderWebsiteTest&amp#27;[0;39m - &amp#27;[32mInitializing page objects
&amp#27;[0;39m11:52:21.630 [main] &amp#27;[39mDEBUG&amp#27;[0;39m &amp#27;[36mcom.insider.pages.BasePage&amp#27;[0;39m - &amp#27;[32mInitialized BasePage with WebDriver: ChromeDriver
&amp#27;[0;39m11:52:21.632 [main] &amp#27;[39mDEBUG&amp#27;[0;39m &amp#27;[36mcom.insider.pages.BasePage&amp#27;[0;39m - &amp#27;[32mInitialized BasePage with WebDriver: ChromeDriver
&amp#27;[0;39m11:52:21.633 [main] &amp#27;[39mDEBUG&amp#27;[0;39m &amp#27;[36mcom.insider.pages.BasePage&amp#27;[0;39m - &amp#27;[32mInitialized BasePage with WebDriver: ChromeDriver
&amp#27;[0;39m11:52:21.634 [main] &amp#27;[39mDEBUG&amp#27;[0;39m &amp#27;[36mcom.insider.pages.BasePage&amp#27;[0;39m - &amp#27;[32mInitialized BasePage with WebDriver: ChromeDriver
&amp#27;[0;39m11:52:21.634 [main] &amp#27;[39mDEBUG&amp#27;[0;39m &amp#27;[36mc.insider.tests.InsiderWebsiteTest&amp#27;[0;39m - &amp#27;[32mAll page objects initialized successfully
&amp#27;[0;39m11:52:21.634 [main] &amp#27;[34mINFO &amp#27;[0;39m &amp#27;[36mc.insider.tests.InsiderWebsiteTest&amp#27;[0;39m - &amp#27;[32m✓ Test environment setup completed successfully
&amp#27;[0;39m11:52:21.635 [main] &amp#27;[34mINFO &amp#27;[0;39m &amp#27;[36mc.insider.tests.InsiderWebsiteTest&amp#27;[0;39m - &amp#27;[32m=== TEST SETUP COMPLETED ===
&amp#27;[0;39m11:52:21.639 [main] &amp#27;[39mDEBUG&amp#27;[0;39m &amp#27;[36mcom.insider.pages.BasePage&amp#27;[0;39m - &amp#27;[32mInitialized BasePage with WebDriver: ChromeDriver
&amp#27;[0;39m11:52:23.811 [main] &amp#27;[34mINFO &amp#27;[0;39m &amp#27;[36mcom.insider.pages.BasePage&amp#27;[0;39m - &amp#27;[32mTest Step: Clicking 'See All QA Jobs' button
&amp#27;[0;39m11:52:23.811 [main] &amp#27;[39mDEBUG&amp#27;[0;39m &amp#27;[36mcom.insider.pages.BasePage&amp#27;[0;39m - &amp#27;[32mChecking if element is present: By.id: cookie-law-info-bar
&amp#27;[0;39m11:52:23.868 [main] &amp#27;[39mDEBUG&amp#27;[0;39m &amp#27;[36mcom.insider.pages.BasePage&amp#27;[0;39m - &amp#27;[32mElement present status for By.id: cookie-law-info-bar: true
&amp#27;[0;39m11:52:23.868 [main] &amp#27;[39mDEBUG&amp#27;[0;39m &amp#27;[36mcom.insider.pages.BasePage&amp#27;[0;39m - &amp#27;[32mChecking if element is present: By.id: wt-cli-accept-all-btn
&amp#27;[0;39m11:52:23.911 [main] &amp#27;[39mDEBUG&amp#27;[0;39m &amp#27;[36mcom.insider.pages.BasePage&amp#27;[0;39m - &amp#27;[32mElement present status for By.id: wt-cli-accept-all-btn: true
&amp#27;[0;39m11:52:23.911 [main] &amp#27;[39mDEBUG&amp#27;[0;39m &amp#27;[36mcom.insider.pages.BasePage&amp#27;[0;39m - &amp#27;[32mAttempting to click element with locator: By.id: wt-cli-accept-all-btn
&amp#27;[0;39m11:52:24.116 [main] &amp#27;[34mINFO &amp#27;[0;39m &amp#27;[36mcom.insider.pages.BasePage&amp#27;[0;39m - &amp#27;[32mSuccessfully clicked element: By.id: wt-cli-accept-all-btn
&amp#27;[0;39m11:52:24.116 [main] &amp#27;[39mDEBUG&amp#27;[0;39m &amp#27;[36mcom.insider.pages.BasePage&amp#27;[0;39m - &amp#27;[32mAttempting to click element with locator: By.cssSelector: a[href*='qualityassurance'].btn, a[class*='btn'][href*='quality']
&amp#27;[0;39m11:52:25.110 [main] &amp#27;[34mINFO &amp#27;[0;39m &amp#27;[36mcom.insider.pages.BasePage&amp#27;[0;39m - &amp#27;[32mSuccessfully clicked element: By.cssSelector: a[href*='qualityassurance'].btn, a[class*='btn'][href*='quality']
&amp#27;[0;39m11:52:25.110 [main] &amp#27;[39mDEBUG&amp#27;[0;39m &amp#27;[36mcom.insider.pages.BasePage&amp#27;[0;39m - &amp#27;[32mWaiting for element to be visible: By.id: filter-by-location
&amp#27;[0;39m11:52:26.183 [main] &amp#27;[39mDEBUG&amp#27;[0;39m &amp#27;[36mcom.insider.pages.BasePage&amp#27;[0;39m - &amp#27;[32mElement is now visible: By.id: filter-by-location
&amp#27;[0;39m11:52:26.183 [main] &amp#27;[34mINFO &amp#27;[0;39m &amp#27;[36mcom.insider.pages.BasePage&amp#27;[0;39m - &amp#27;[32m✓ SUCCESS: Successfully navigated to QA jobs page and filters are visible
&amp#27;[0;39m11:52:26.184 [main] &amp#27;[34mINFO &amp#27;[0;39m &amp#27;[36mcom.insider.pages.BasePage&amp#27;[0;39m - &amp#27;[32mTest Step: Filtering jobs by location: Istanbul, Turkiye
&amp#27;[0;39m11:52:26.184 [main] &amp#27;[39mDEBUG&amp#27;[0;39m &amp#27;[36mcom.insider.pages.BasePage&amp#27;[0;39m - &amp#27;[32mWaiting for element to be clickable: By.id: filter-by-location
&amp#27;[0;39m11:52:26.207 [main] &amp#27;[39mDEBUG&amp#27;[0;39m &amp#27;[36mcom.insider.pages.BasePage&amp#27;[0;39m - &amp#27;[32mElement is now clickable: By.id: filter-by-location
&amp#27;[0;39m11:52:26.207 [main] &amp#27;[39mDEBUG&amp#27;[0;39m &amp#27;[36mcom.insider.pages.BasePage&amp#27;[0;39m - &amp#27;[32mWaiting for element to be visible: By.id: filter-by-location
&amp#27;[0;39m11:52:26.224 [main] &amp#27;[39mDEBUG&amp#27;[0;39m &amp#27;[36mcom.insider.pages.BasePage&amp#27;[0;39m - &amp#27;[32mElement is now visible: By.id: filter-by-location
&amp#27;[0;39m11:52:26.237 [main] &amp#27;[39mDEBUG&amp#27;[0;39m &amp#27;[36mcom.insider.pages.QACareersPage&amp#27;[0;39m - &amp#27;[32mWaiting for location dropdown options to load
&amp#27;[0;39m11:52:38.854 [main] &amp#27;[39mDEBUG&amp#27;[0;39m &amp#27;[36mcom.insider.pages.QACareersPage&amp#27;[0;39m - &amp#27;[32mLocation dropdown options loaded successfully
&amp#27;[0;39m11:52:43.859 [main] &amp#27;[34mINFO &amp#27;[0;39m &amp#27;[36mcom.insider.pages.QACareersPage&amp#27;[0;39m - &amp#27;[32mSelecting location: Istanbul, Turkiye
&amp#27;[0;39m11:52:43.955 [main] &amp#27;[39mDEBUG&amp#27;[0;39m &amp#27;[36mcom.insider.pages.BasePage&amp#27;[0;39m - &amp#27;[32mWaiting for element to be visible: By.cssSelector: #jobs-list .position-list-item
&amp#27;[0;39m11:52:43.975 [main] &amp#27;[39mDEBUG&amp#27;[0;39m &amp#27;[36mcom.insider.pages.BasePage&amp#27;[0;39m - &amp#27;[32mElement is now visible: By.cssSelector: #jobs-list .position-list-item
&amp#27;[0;39m11:52:46.976 [main] &amp#27;[34mINFO &amp#27;[0;39m &amp#27;[36mcom.insider.pages.BasePage&amp#27;[0;39m - &amp#27;[32m✓ SUCCESS: Successfully filtered jobs by location: Istanbul, Turkiye
&amp#27;[0;39m11:52:46.977 [main] &amp#27;[39mDEBUG&amp#27;[0;39m &amp#27;[36mcom.insider.pages.BasePage&amp#27;[0;39m - &amp#27;[32mWaiting for element to be clickable: By.id: filter-by-department
&amp#27;[0;39m11:52:47.026 [main] &amp#27;[39mDEBUG&amp#27;[0;39m &amp#27;[36mcom.insider.pages.BasePage&amp#27;[0;39m - &amp#27;[32mElement is now clickable: By.id: filter-by-department
&amp#27;[0;39m11:52:47.027 [main] &amp#27;[39mDEBUG&amp#27;[0;39m &amp#27;[36mcom.insider.pages.BasePage&amp#27;[0;39m - &amp#27;[32mWaiting for element to be visible: By.id: filter-by-department
&amp#27;[0;39m11:52:47.043 [main] &amp#27;[39mDEBUG&amp#27;[0;39m &amp#27;[36mcom.insider.pages.BasePage&amp#27;[0;39m - &amp#27;[32mElement is now visible: By.id: filter-by-department
&amp#27;[0;39m11:52:47.081 [main] &amp#27;[39mDEBUG&amp#27;[0;39m &amp#27;[36mcom.insider.pages.BasePage&amp#27;[0;39m - &amp#27;[32mWaiting for element to be visible: By.cssSelector: #jobs-list .position-list-item
&amp#27;[0;39m11:52:47.095 [main] &amp#27;[39mDEBUG&amp#27;[0;39m &amp#27;[36mcom.insider.pages.BasePage&amp#27;[0;39m - &amp#27;[32mElement is now visible: By.cssSelector: #jobs-list .position-list-item
&amp#27;[0;39m11:53:01.225 [main] &amp#27;[39mDEBUG&amp#27;[0;39m &amp#27;[36mcom.insider.pages.BasePage&amp#27;[0;39m - &amp#27;[32mInitialized BasePage with WebDriver: ChromeDriver
&amp#27;[0;39m11:53:01.225 [main] &amp#27;[39mDEBUG&amp#27;[0;39m &amp#27;[36mcom.insider.pages.BasePage&amp#27;[0;39m - &amp#27;[32mWaiting for element to be visible: By.cssSelector: body
&amp#27;[0;39m11:53:04.699 [main] &amp#27;[39mDEBUG&amp#27;[0;39m &amp#27;[36mcom.insider.pages.BasePage&amp#27;[0;39m - &amp#27;[32mElement is now visible: By.cssSelector: body
&amp#27;[0;39m11:53:04.705 [main] &amp#27;[39mDEBUG&amp#27;[0;39m &amp#27;[36mcom.insider.pages.BasePage&amp#27;[0;39m - &amp#27;[32mCurrent URL: https://jobs.lever.co/useinsider/78ddbec0-16bf-4eab-b5a6-04facb993ddc
&amp#27;[0;39m]]></system-out>
    <system-err><![CDATA[Eyl 09, 2025 11:52:21 ÖÖ org.openqa.selenium.devtools.CdpVersionFinder findNearestMatch
WARNING: Unable to find CDP implementation matching 140
Eyl 09, 2025 11:52:21 ÖÖ org.openqa.selenium.chromium.ChromiumDriver lambda$new$5
WARNING: Unable to find version of CDP to use for 140.0.7339.81. You may need to include a dependency on a specific version of the CDP using something similar to `org.seleniumhq.selenium:selenium-devtools-v86:4.15.0` where the version ("v86") matches the version of the chromium-based browser you're using and the version number of the artifact is the same as Selenium's.
]]></system-err>
  </testcase>
</testsuite>